<?xml version="1.0" encoding="UTF-8"?>
<!-- Generated by org.testng.reporters.JUnitReportReporter -->
<testsuite hostname="DESKTOP-MMFBLCB" failures="0" tests="1" name="com.example.RestAssured.GetRequest" time="4.093" errors="0" timestamp="2025-04-02T17:40:08 IST" skipped="0">
  <testcase classname="com.example.RestAssured.GetRequest" name="testGetRequest" time="4.093"/>
  <system-out/>
</testsuite> <!-- com.example.RestAssured.GetRequest -->
