<?xml version="1.0" encoding="UTF-8"?>
<!-- Generated by org.testng.reporters.JUnitReportReporter -->
<testsuite hostname="DESKTOP-MMFBLCB" failures="0" tests="1" name="com.example.RestAssured.ResponseValidation" time="5.758" errors="0" timestamp="2025-04-02T17:44:10 IST" skipped="0">
  <testcase classname="com.example.RestAssured.ResponseValidation" name="validateResponse" time="5.758"/>
  <system-out/>
</testsuite> <!-- com.example.RestAssured.ResponseValidation -->
