<?xml version="1.0" encoding="UTF-8"?>
<!-- Generated by org.testng.reporters.JUnitReportReporter -->
<testsuite hostname="DESKTOP-MMFBLCB" failures="0" tests="1" name="com.example.RestAssured.XMLResponse" time="5.552" errors="0" timestamp="2025-04-02T17:47:25 IST" skipped="0">
  <testcase classname="com.example.RestAssured.XMLResponse" name="testXmlResponse" time="5.552"/>
  <system-out/>
</testsuite> <!-- com.example.RestAssured.XMLResponse -->
