<?xml version="1.0" encoding="UTF-8"?>
<!-- Generated by org.testng.reporters.JUnitReportReporter -->
<testsuite hostname="DESKTOP-MMFBLCB" failures="0" tests="1" name="com.example.RestAssured.PostRequest" time="3.725" errors="0" timestamp="2025-04-02T17:41:25 IST" skipped="0">
  <testcase classname="com.example.RestAssured.PostRequest" name="testPostRequest" time="3.725"/>
  <system-out/>
</testsuite> <!-- com.example.RestAssured.PostRequest -->
