<?xml version="1.0" encoding="UTF-8"?>
<!-- Generated by org.testng.reporters.JUnitReportReporter -->
<testsuite hostname="DESKTOP-MMFBLCB" failures="0" tests="1" name="com.example.RestAssured.MockTest" time="2.777" errors="0" timestamp="2025-04-02T18:53:35 IST" skipped="0">
  <testcase classname="com.example.RestAssured.MockTest" name="testMockingWithWireMock" time="2.777"/>
  <system-out/>
</testsuite> <!-- com.example.RestAssured.MockTest -->
