<?xml version="1.0" encoding="UTF-8"?>
<!-- Generated by org.testng.reporters.JUnitReportReporter -->
<testsuite hostname="DESKTOP-MMFBLCB" failures="0" tests="1" name="com.example.RestAssured.RestAssuredTest" time="3.881" errors="0" timestamp="2025-04-02T17:36:19 IST" skipped="0">
  <testcase classname="com.example.RestAssured.RestAssuredTest" name="testGetRequest" time="3.881"/>
  <system-out/>
</testsuite> <!-- com.example.RestAssured.RestAssuredTest -->
